load_directory_list...
R:\SMWCharacterImporter        ... loading ...
R:\SMWCharacterImporter       : directory c3po+
R:\SMWCharacterImporter\c3po+  ... loading ...
R:\SMWCharacterImporter\c3po+ : file SMWCharacterImport_ramstein_no0.rar
SMWCharacterImport\.vs\SMWCharacterImport\v14\.suo                                                                       (newest file)
SMWCharacterImport\Library\assetDatabase3                                                                                (newest directory)
SMWCharacterImport\Assets\Blubb\New Tileset.asset                                                                        (FILTERED: newest file)
SMWCharacterImport\Assets\Code\SMW\Import\Character\Editor                                                               (FILTERED: newest directory)
R:\SMWCharacterImporter\c3po+\SMWCharacterImport_ramstein_no0.rar: file RAR
R:\SMWCharacterImporter\c3po+ : file SMWCharacterImport_ramstein_no1.rar
SMWCharacterImport\.vs\SMWCharacterImport\v14\.suo                                                                       (newest file)
SMWCharacterImport\Library\assetDatabase3                                                                                (newest directory)
SMWCharacterImport\Assets\Code\SMW\Import\Tileset\Editor\TilesetWindow.cs                                                (FILTERED: newest file)
SMWCharacterImport\Assets\Code\SMW\Import\Tileset\Editor                                                                 (FILTERED: newest directory)
R:\SMWCharacterImporter\c3po+\SMWCharacterImport_ramstein_no1.rar: file RAR
R:\SMWCharacterImporter\c3po+ : file SMWCharacterImport_ramstein_no2_improved_tileset_import_andOther.rar
SMWCharacterImport\Assets\Code\SMW\Import\Map\Hazards.cs                                                                 (newest file)
SMWCharacterImport\Library\assetDatabase3                                                                                (newest directory)
SMWCharacterImport\Assets\Code\SMW\Import\Map\Hazards.cs                                                                 (FILTERED: newest file)
SMWCharacterImport\Assets\Code\SMW\Import\Tileset\Editor                                                                 (FILTERED: newest directory)
R:\SMWCharacterImporter\c3po+\SMWCharacterImport_ramstein_no2_improved_tileset_import_andOther.rar: file RAR
R:\SMWCharacterImporter\c3po+ : file SMWCharacterImport_ramstein_no3_improved_hazardmanager_IMPORT_BGs.rar
SMWCharacterImport\Assembly-CSharp-Editor.csproj                                                                         (newest file)
SMWCharacterImport\Library\assetDatabase3                                                                                (newest directory)
SMWCharacterImport\Assembly-CSharp-Editor.csproj                                                                         (FILTERED: newest file)
SMWCharacterImport\Assets\Code\SMW\Import\Hazard\Editor                                                                  (FILTERED: newest directory)
R:\SMWCharacterImporter\c3po+\SMWCharacterImport_ramstein_no3_improved_hazardmanager_IMPORT_BGs.rar: file RAR
R:\SMWCharacterImporter\c3po+ : file SMWCharacterImport_ramstein_no4_layer_singletonmanager.rar
SMWCharacterImport\Assembly-CSharp-Editor.csproj                                                                         (newest file)
SMWCharacterImport\Library\assetDatabase3                                                                                (newest directory)
SMWCharacterImport\Assembly-CSharp-Editor.csproj                                                                         (FILTERED: newest file)
SMWCharacterImport\Assets\Code\SMW\Import\Map\Editor                                                                     (FILTERED: newest directory)
R:\SMWCharacterImporter\c3po+\SMWCharacterImport_ramstein_no4_layer_singletonmanager.rar: file RAR
R:\SMWCharacterImporter\c3po+ : file SMWCharacterImport_ramstein_no5_ZERO_warning.rar
SMWCharacterImport\Assets\Code\SMW\Import\Map\Editor\MapPreviewWindow.cs                                                 (newest file)
SMWCharacterImport\Library\assetDatabase3                                                                                (newest directory)
SMWCharacterImport\Assets\Code\SMW\Import\Map\Editor\MapPreviewWindow.cs                                                 (FILTERED: newest file)
SMWCharacterImport\Assets\Code\SMW\Import\Map\Editor                                                                     (FILTERED: newest directory)
R:\SMWCharacterImporter\c3po+\SMWCharacterImport_ramstein_no5_ZERO_warning.rar: file RAR
R:\SMWCharacterImporter       : directory r2d2+
R:\SMWCharacterImporter\r2d2+  ... loading ...
R:\SMWCharacterImporter\r2d2+ : file SMWCharacterImport_before_new_algo.rar
SMWCharacterImport\.vs\SMWCharacterImport\v14\.suo                                                                       (newest file)
SMWCharacterImport\Library\assetDatabase3                                                                                (newest directory)
SMWCharacterImport\Assets\Editor\ImportSingleCharacterWindow.cs                                                          (FILTERED: newest file)
SMWCharacterImport\Assets\Textures\skins\specialSkins                                                                    (FILTERED: newest directory)
R:\SMWCharacterImporter\r2d2+\SMWCharacterImport_before_new_algo.rar: file RAR
R:\SMWCharacterImporter\r2d2+ : file SMWCharacterImport_ChangeColor_works(pngNamingBug).rar
SMWCharacterImport\.vs\SMWCharacterImport\v14\.suo                                                                       (newest file)
SMWCharacterImport\Library\assetDatabase3                                                                                (newest directory)
SMWCharacterImport\Assets\Editor\ImportSingleCharacterWindow.cs                                                          (FILTERED: newest file)
SMWCharacterImport\Assets\Textures\skins\specialSkins                                                                    (FILTERED: newest directory)
R:\SMWCharacterImporter\r2d2+\SMWCharacterImport_ChangeColor_works(pngNamingBug).rar: file RAR
R:\SMWCharacterImporter\r2d2+ : file SMWCharacterImport_CleanUp+Enhancement.rar
SMWCharacterImport\.vs\SMWCharacterImport\v14\.suo                                                                       (newest file)
SMWCharacterImport\Library\assetDatabase3                                                                                (newest directory)
SMWCharacterImport\Assets\Editor\BatchImport.cs                                                                          (FILTERED: newest file)
SMWCharacterImport\Assets\Textures\skins                                                                                 (FILTERED: newest directory)
R:\SMWCharacterImporter\r2d2+\SMWCharacterImport_CleanUp+Enhancement.rar: file RAR
R:\SMWCharacterImporter\r2d2+ : file SMWCharacterImport_NamingFix_Tileset+Map_Migration.rar
SMWCharacterImport\.vs\SMWCharacterImport\v14\.suo                                                                       (newest file)
SMWCharacterImport\Library\assetDatabase3                                                                                (newest directory)
SMWCharacterImport\Assets\Code\SMW\Editor.meta                                                                           (FILTERED: newest file)
SMWCharacterImport\Assets\Code\SMW\Import\Character\Editor                                                               (FILTERED: newest directory)
R:\SMWCharacterImporter\r2d2+\SMWCharacterImport_NamingFix_Tileset+Map_Migration.rar: file RAR
R:\SMWCharacterImporter\r2d2+ : file SMWCharacterImport_ReadyToMigrateInRealProject.rar
SMWCharacterImport\.vs\SMWCharacterImport\v14\.suo                                                                       (newest file)
SMWCharacterImport\Library\assetDatabase3                                                                                (newest directory)
SMWCharacterImport\4639b1d6c770960469ccc5bf4944ea670smw_red_ARGB32_.png                                                  (FILTERED: newest file)
SMWCharacterImport\Assets\Textures\skins                                                                                 (FILTERED: newest directory)
R:\SMWCharacterImporter\r2d2+\SMWCharacterImport_ReadyToMigrateInRealProject.rar: file RAR
R:\SMWCharacterImporter\r2d2+ : file SMWCharacterImport_struktured.rar
SMWCharacterImport\.vs\SMWCharacterImport\v14\.suo                                                                       (newest file)
SMWCharacterImport\Library\assetDatabase3                                                                                (newest directory)
SMWCharacterImport\Assets\Editor\BatchImport.cs                                                                          (FILTERED: newest file)
SMWCharacterImport\Assets\Textures\skins                                                                                 (FILTERED: newest directory)
R:\SMWCharacterImporter\r2d2+\SMWCharacterImport_struktured.rar: file RAR

project_list_stats...
project_list_stats, show non rar files = True
SMWCharacterImport_ramstein_no0.rar 1455927586.0                                                                                  -- SMWCharacterImport_ramstein_no0.rar
SMWCharacterImport_ramstein_no1.rar 1456092065.0                                                                                  -- SMWCharacterImport_ramstein_no1.rar
SMWCharacterImport_ramstein_no2_improved_tileset_import_andOther.rar 1456489531.0                                                                                  -- SMWCharacterImport_ramstein_no2_improved_tileset_import_andOther.rar
SMWCharacterImport_ramstein_no3_improved_hazardmanager_IMPORT_BGs.rar 1456499753.0                                                                                  -- SMWCharacterImport_ramstein_no3_improved_hazardmanager_IMPORT_BGs.rar
SMWCharacterImport_ramstein_no4_layer_singletonmanager.rar 1456621431.0                                                                                  -- SMWCharacterImport_ramstein_no4_layer_singletonmanager.rar
SMWCharacterImport_ramstein_no5_ZERO_warning.rar 1456753385.0                                                                                  -- SMWCharacterImport_ramstein_no5_ZERO_warning.rar
SMWCharacterImport_before_new_algo.rar 1455052129.0                                                                                  -- SMWCharacterImport_before_new_algo.rar
SMWCharacterImport_ChangeColor_works(pngNamingBug).rar 1455057917.0                                                                                  -- SMWCharacterImport_ChangeColor_works(pngNamingBug).rar
SMWCharacterImport_CleanUp+Enhancement.rar 1455740125.0                                                                                  -- SMWCharacterImport_CleanUp+Enhancement.rar
SMWCharacterImport_NamingFix_Tileset+Map_Migration.rar 1455762996.0                                                                                  -- SMWCharacterImport_NamingFix_Tileset+Map_Migration.rar
SMWCharacterImport_ReadyToMigrateInRealProject.rar 1455748041.0                                                                                  -- SMWCharacterImport_ReadyToMigrateInRealProject.rar
SMWCharacterImport_struktured.rar 1455731831.0                                                                                  -- SMWCharacterImport_struktured.rar
num of projects: 12
num of rar-files: 12
AUTO MODE
FORCED STOP AFTER DB INIT (continue with 'y')
show RAR content: root elements
num_of_rar_files              : 12

RAR global_rar_root_elements (all projects summarized)
	SMWCharacterImport

RAR root elements folders/files by project
file                                                                                                                               root folder                                             amount of root Elements
SMWCharacterImport_before_new_algo.rar                                                                                             SMWCharacterImport                                      1
SMWCharacterImport_ChangeColor_works(pngNamingBug).rar                                                                             SMWCharacterImport                                      1
SMWCharacterImport_struktured.rar                                                                                                  SMWCharacterImport                                      1
SMWCharacterImport_CleanUp+Enhancement.rar                                                                                         SMWCharacterImport                                      1
SMWCharacterImport_ReadyToMigrateInRealProject.rar                                                                                 SMWCharacterImport                                      1
SMWCharacterImport_NamingFix_Tileset+Map_Migration.rar                                                                             SMWCharacterImport                                      1
SMWCharacterImport_ramstein_no0.rar                                                                                                SMWCharacterImport                                      1
SMWCharacterImport_ramstein_no1.rar                                                                                                SMWCharacterImport                                      1
SMWCharacterImport_ramstein_no2_improved_tileset_import_andOther.rar                                                               SMWCharacterImport                                      1
SMWCharacterImport_ramstein_no3_improved_hazardmanager_IMPORT_BGs.rar                                                              SMWCharacterImport                                      1
SMWCharacterImport_ramstein_no4_layer_singletonmanager.rar                                                                         SMWCharacterImport                                      1
SMWCharacterImport_ramstein_no5_ZERO_warning.rar                                                                                   SMWCharacterImport                                      1
AUTO MODE
AUTO MODE
FORCED STOP BEFORE WORKFLOW STARTS (continue with 'y')R:\extractTest                                     ... is folder and exists
R:\repoTest
repo didn't exists, create folder and init repo ...
git init
copy .gitignore

Starting with workflow of 12 projects...

 1  /12  ... SMWCharacterImport_before_new_algo.rar             ... extracting
rm R:\repoTest -r -e:.git .gitignore
exclusions: ['.git', '.gitignore']
exclusions found .git
exclusions found .gitignore
filtered_members 8 / 503 are going to get extracted...
extract (use_filter=True) R:\SMWCharacterImporter\r2d2+\SMWCharacterImport_before_new_algo.rar ------> .... rarf.extractall .... R:\extractTest)
cd to extracted project folder
R:\extractTest\SMWCharacterImport_before_new_algo exists? True
R:\extractTest\SMWCharacterImport_before_new_algo ... loading ...
R:\extractTest\SMWCharacterImport_before_new_algo: directory SMWCharacterImport
R:\extractTest\SMWCharacterImport_before_new_algo\SMWCharacterImport ... loading ...
R:\extractTest\SMWCharacterImport_before_new_algo\SMWCharacterImport: directory Assets
R:\extractTest\SMWCharacterImport_before_new_algo\SMWCharacterImport: directory Assets
--- R:\extractTest\SMWCharacterImport_before_new_algo\SMWCharacterImport : is repo base dir
git add .
is_dirty: Changes detected.
--allow-empty -m "SMWCharacterImport_before_new_algo.rar" --date "Tue, 09 Feb 2016 22:08:49 +0100"

 2  /12  ... SMWCharacterImport_ChangeColor_works(pngNamingBug).rar ... extracting
rm R:\repoTest -r -e:.git .gitignore
exclusions: ['.git', '.gitignore']
exclusions found .git
exclusions found .gitignore
filtered_members 8 / 735 are going to get extracted...
extract (use_filter=True) R:\SMWCharacterImporter\r2d2+\SMWCharacterImport_ChangeColor_works(pngNamingBug).rar ------> .... rarf.extractall .... R:\extractTest)
cd to extracted project folder
R:\extractTest\SMWCharacterImport_ChangeColor_works(pngNamingBug) exists? True
R:\extractTest\SMWCharacterImport_ChangeColor_works(pngNamingBug) ... loading ...
R:\extractTest\SMWCharacterImport_ChangeColor_works(pngNamingBug): directory SMWCharacterImport
R:\extractTest\SMWCharacterImport_ChangeColor_works(pngNamingBug)\SMWCharacterImport ... loading ...
R:\extractTest\SMWCharacterImport_ChangeColor_works(pngNamingBug)\SMWCharacterImport: directory Assets
R:\extractTest\SMWCharacterImport_ChangeColor_works(pngNamingBug)\SMWCharacterImport: directory Assets
--- R:\extractTest\SMWCharacterImport_ChangeColor_works(pngNamingBug)\SMWCharacterImport : is repo base dir
git add .
is_dirty: Changes detected.
--allow-empty -m "SMWCharacterImport_ChangeColor_works(pngNamingBug).rar" --date "Tue, 09 Feb 2016 23:45:17 +0100"

 3  /12  ... SMWCharacterImport_struktured.rar                  ... extracting
rm R:\repoTest -r -e:.git .gitignore
exclusions: ['.git', '.gitignore']
exclusions found .git
exclusions found .gitignore
filtered_members 10 / 3405 are going to get extracted...
extract (use_filter=True) R:\SMWCharacterImporter\r2d2+\SMWCharacterImport_struktured.rar ------> .... rarf.extractall .... R:\extractTest)
cd to extracted project folder
R:\extractTest\SMWCharacterImport_struktured exists? True
R:\extractTest\SMWCharacterImport_struktured ... loading ...
R:\extractTest\SMWCharacterImport_struktured: directory SMWCharacterImport
R:\extractTest\SMWCharacterImport_struktured\SMWCharacterImport ... loading ...
R:\extractTest\SMWCharacterImport_struktured\SMWCharacterImport: directory Assets
R:\extractTest\SMWCharacterImport_struktured\SMWCharacterImport: directory Assets
--- R:\extractTest\SMWCharacterImport_struktured\SMWCharacterImport : is repo base dir
git add .
is_dirty: Changes detected.
--allow-empty -m "SMWCharacterImport_struktured.rar" --date "Wed, 17 Feb 2016 18:57:11 +0100"

 4  /12  ... SMWCharacterImport_CleanUp+Enhancement.rar         ... extracting
rm R:\repoTest -r -e:.git .gitignore
exclusions: ['.git', '.gitignore']
exclusions found .git
exclusions found .gitignore
filtered_members 8 / 3389 are going to get extracted...
extract (use_filter=True) R:\SMWCharacterImporter\r2d2+\SMWCharacterImport_CleanUp+Enhancement.rar ------> .... rarf.extractall .... R:\extractTest)
cd to extracted project folder
R:\extractTest\SMWCharacterImport_CleanUp+Enhancement exists? True
R:\extractTest\SMWCharacterImport_CleanUp+Enhancement ... loading ...
R:\extractTest\SMWCharacterImport_CleanUp+Enhancement: directory SMWCharacterImport
R:\extractTest\SMWCharacterImport_CleanUp+Enhancement\SMWCharacterImport ... loading ...
R:\extractTest\SMWCharacterImport_CleanUp+Enhancement\SMWCharacterImport: directory Assets
R:\extractTest\SMWCharacterImport_CleanUp+Enhancement\SMWCharacterImport: directory Assets
--- R:\extractTest\SMWCharacterImport_CleanUp+Enhancement\SMWCharacterImport : is repo base dir
git add .
is_dirty: Changes detected.
--allow-empty -m "SMWCharacterImport_CleanUp+Enhancement.rar" --date "Wed, 17 Feb 2016 21:15:25 +0100"

 5  /12  ... SMWCharacterImport_ReadyToMigrateInRealProject.rar ... extracting
rm R:\repoTest -r -e:.git .gitignore
exclusions: ['.git', '.gitignore']
exclusions found .git
exclusions found .gitignore
filtered_members 9 / 3350 are going to get extracted...
extract (use_filter=True) R:\SMWCharacterImporter\r2d2+\SMWCharacterImport_ReadyToMigrateInRealProject.rar ------> .... rarf.extractall .... R:\extractTest)
cd to extracted project folder
R:\extractTest\SMWCharacterImport_ReadyToMigrateInRealProject exists? True
R:\extractTest\SMWCharacterImport_ReadyToMigrateInRealProject ... loading ...
R:\extractTest\SMWCharacterImport_ReadyToMigrateInRealProject: directory SMWCharacterImport
R:\extractTest\SMWCharacterImport_ReadyToMigrateInRealProject\SMWCharacterImport ... loading ...
R:\extractTest\SMWCharacterImport_ReadyToMigrateInRealProject\SMWCharacterImport: directory Assets
R:\extractTest\SMWCharacterImport_ReadyToMigrateInRealProject\SMWCharacterImport: directory Assets
--- R:\extractTest\SMWCharacterImport_ReadyToMigrateInRealProject\SMWCharacterImport : is repo base dir
git add .
is_dirty: Changes detected.
--allow-empty -m "SMWCharacterImport_ReadyToMigrateInRealProject.rar" --date "Wed, 17 Feb 2016 23:27:21 +0100"

 6  /12  ... SMWCharacterImport_NamingFix_Tileset+Map_Migration.rar ... extracting
rm R:\repoTest -r -e:.git .gitignore
exclusions: ['.git', '.gitignore']
exclusions found .git
exclusions found .gitignore
filtered_members 59 / 1192 are going to get extracted...
extract (use_filter=True) R:\SMWCharacterImporter\r2d2+\SMWCharacterImport_NamingFix_Tileset+Map_Migration.rar ------> .... rarf.extractall .... R:\extractTest)
cd to extracted project folder
R:\extractTest\SMWCharacterImport_NamingFix_Tileset+Map_Migration exists? True
R:\extractTest\SMWCharacterImport_NamingFix_Tileset+Map_Migration ... loading ...
R:\extractTest\SMWCharacterImport_NamingFix_Tileset+Map_Migration: directory SMWCharacterImport
R:\extractTest\SMWCharacterImport_NamingFix_Tileset+Map_Migration\SMWCharacterImport ... loading ...
R:\extractTest\SMWCharacterImport_NamingFix_Tileset+Map_Migration\SMWCharacterImport: directory Assets
R:\extractTest\SMWCharacterImport_NamingFix_Tileset+Map_Migration\SMWCharacterImport: directory Assets
--- R:\extractTest\SMWCharacterImport_NamingFix_Tileset+Map_Migration\SMWCharacterImport : is repo base dir
git add .
is_dirty: Changes detected.
--allow-empty -m "SMWCharacterImport_NamingFix_Tileset+Map_Migration.rar" --date "Thu, 18 Feb 2016 03:36:36 +0100"

 7  /12  ... SMWCharacterImport_ramstein_no0.rar                ... extracting
rm R:\repoTest -r -e:.git .gitignore
exclusions: ['.git', '.gitignore']
exclusions found .git
exclusions found .gitignore
filtered_members 61 / 1236 are going to get extracted...
extract (use_filter=True) R:\SMWCharacterImporter\c3po+\SMWCharacterImport_ramstein_no0.rar ------> .... rarf.extractall .... R:\extractTest)
cd to extracted project folder
R:\extractTest\SMWCharacterImport_ramstein_no0 exists? True
R:\extractTest\SMWCharacterImport_ramstein_no0 ... loading ...
R:\extractTest\SMWCharacterImport_ramstein_no0: directory SMWCharacterImport
R:\extractTest\SMWCharacterImport_ramstein_no0\SMWCharacterImport ... loading ...
R:\extractTest\SMWCharacterImport_ramstein_no0\SMWCharacterImport: directory Assets
R:\extractTest\SMWCharacterImport_ramstein_no0\SMWCharacterImport: directory Assets
--- R:\extractTest\SMWCharacterImport_ramstein_no0\SMWCharacterImport : is repo base dir
git add .
is_dirty: Changes detected.
--allow-empty -m "SMWCharacterImport_ramstein_no0.rar" --date "Sat, 20 Feb 2016 01:19:46 +0100"

 8  /12  ... SMWCharacterImport_ramstein_no1.rar                ... extracting
rm R:\repoTest -r -e:.git .gitignore
exclusions: ['.git', '.gitignore']
exclusions found .git
exclusions found .gitignore
filtered_members 61 / 1468 are going to get extracted...
extract (use_filter=True) R:\SMWCharacterImporter\c3po+\SMWCharacterImport_ramstein_no1.rar ------> .... rarf.extractall .... R:\extractTest)
cd to extracted project folder
R:\extractTest\SMWCharacterImport_ramstein_no1 exists? True
R:\extractTest\SMWCharacterImport_ramstein_no1 ... loading ...
R:\extractTest\SMWCharacterImport_ramstein_no1: directory SMWCharacterImport
R:\extractTest\SMWCharacterImport_ramstein_no1\SMWCharacterImport ... loading ...
R:\extractTest\SMWCharacterImport_ramstein_no1\SMWCharacterImport: directory Assets
R:\extractTest\SMWCharacterImport_ramstein_no1\SMWCharacterImport: directory Assets
--- R:\extractTest\SMWCharacterImport_ramstein_no1\SMWCharacterImport : is repo base dir
git add .
is_dirty: Changes detected.
--allow-empty -m "SMWCharacterImport_ramstein_no1.rar" --date "Sun, 21 Feb 2016 23:01:05 +0100"

 9  /12  ... SMWCharacterImport_ramstein_no2_improved_tileset_import_andOther.rar ... extracting
rm R:\repoTest -r -e:.git .gitignore
exclusions: ['.git', '.gitignore']
exclusions found .git
exclusions found .gitignore
filtered_members 61 / 1482 are going to get extracted...
extract (use_filter=True) R:\SMWCharacterImporter\c3po+\SMWCharacterImport_ramstein_no2_improved_tileset_import_andOther.rar ------> .... rarf.extractall .... R:\extractTest)
cd to extracted project folder
R:\extractTest\SMWCharacterImport_ramstein_no2_improved_tileset_import_andOther exists? True
R:\extractTest\SMWCharacterImport_ramstein_no2_improved_tileset_import_andOther ... loading ...
R:\extractTest\SMWCharacterImport_ramstein_no2_improved_tileset_import_andOther: directory SMWCharacterImport
R:\extractTest\SMWCharacterImport_ramstein_no2_improved_tileset_import_andOther\SMWCharacterImport ... loading ...
R:\extractTest\SMWCharacterImport_ramstein_no2_improved_tileset_import_andOther\SMWCharacterImport: directory Assets
R:\extractTest\SMWCharacterImport_ramstein_no2_improved_tileset_import_andOther\SMWCharacterImport: directory Assets
--- R:\extractTest\SMWCharacterImport_ramstein_no2_improved_tileset_import_andOther\SMWCharacterImport : is repo base dir
git add .
is_dirty: Changes detected.
--allow-empty -m "SMWCharacterImport_ramstein_no2_improved_tileset_import_andOther.rar" --date "Fri, 26 Feb 2016 13:25:31 +0100"

 10 /12  ... SMWCharacterImport_ramstein_no3_improved_hazardmanager_IMPORT_BGs.rar ... extracting
rm R:\repoTest -r -e:.git .gitignore
exclusions: ['.git', '.gitignore']
exclusions found .git
exclusions found .gitignore
filtered_members 62 / 2610 are going to get extracted...
extract (use_filter=True) R:\SMWCharacterImporter\c3po+\SMWCharacterImport_ramstein_no3_improved_hazardmanager_IMPORT_BGs.rar ------> .... rarf.extractall .... R:\extractTest)
cd to extracted project folder
R:\extractTest\SMWCharacterImport_ramstein_no3_improved_hazardmanager_IMPORT_BGs exists? True
R:\extractTest\SMWCharacterImport_ramstein_no3_improved_hazardmanager_IMPORT_BGs ... loading ...
R:\extractTest\SMWCharacterImport_ramstein_no3_improved_hazardmanager_IMPORT_BGs: directory SMWCharacterImport
R:\extractTest\SMWCharacterImport_ramstein_no3_improved_hazardmanager_IMPORT_BGs\SMWCharacterImport ... loading ...
R:\extractTest\SMWCharacterImport_ramstein_no3_improved_hazardmanager_IMPORT_BGs\SMWCharacterImport: directory Assets
R:\extractTest\SMWCharacterImport_ramstein_no3_improved_hazardmanager_IMPORT_BGs\SMWCharacterImport: directory Assets
--- R:\extractTest\SMWCharacterImport_ramstein_no3_improved_hazardmanager_IMPORT_BGs\SMWCharacterImport : is repo base dir
git add .
is_dirty: Changes detected.
--allow-empty -m "SMWCharacterImport_ramstein_no3_improved_hazardmanager_IMPORT_BGs.rar" --date "Fri, 26 Feb 2016 16:15:53 +0100"

 11 /12  ... SMWCharacterImport_ramstein_no4_layer_singletonmanager.rar ... extracting
rm R:\repoTest -r -e:.git .gitignore
exclusions: ['.git', '.gitignore']
exclusions found .git
exclusions found .gitignore
filtered_members 62 / 2640 are going to get extracted...
extract (use_filter=True) R:\SMWCharacterImporter\c3po+\SMWCharacterImport_ramstein_no4_layer_singletonmanager.rar ------> .... rarf.extractall .... R:\extractTest)
cd to extracted project folder
R:\extractTest\SMWCharacterImport_ramstein_no4_layer_singletonmanager exists? True
R:\extractTest\SMWCharacterImport_ramstein_no4_layer_singletonmanager ... loading ...
R:\extractTest\SMWCharacterImport_ramstein_no4_layer_singletonmanager: directory SMWCharacterImport
R:\extractTest\SMWCharacterImport_ramstein_no4_layer_singletonmanager\SMWCharacterImport ... loading ...
R:\extractTest\SMWCharacterImport_ramstein_no4_layer_singletonmanager\SMWCharacterImport: directory Assets
R:\extractTest\SMWCharacterImport_ramstein_no4_layer_singletonmanager\SMWCharacterImport: directory Assets
--- R:\extractTest\SMWCharacterImport_ramstein_no4_layer_singletonmanager\SMWCharacterImport : is repo base dir
git add .
is_dirty: Changes detected.
--allow-empty -m "SMWCharacterImport_ramstein_no4_layer_singletonmanager.rar" --date "Sun, 28 Feb 2016 02:03:51 +0100"

 12 /12  ... SMWCharacterImport_ramstein_no5_ZERO_warning.rar   ... extracting
rm R:\repoTest -r -e:.git .gitignore
exclusions: ['.git', '.gitignore']
exclusions found .git
exclusions found .gitignore
filtered_members 62 / 2605 are going to get extracted...
extract (use_filter=True) R:\SMWCharacterImporter\c3po+\SMWCharacterImport_ramstein_no5_ZERO_warning.rar ------> .... rarf.extractall .... R:\extractTest)
cd to extracted project folder
R:\extractTest\SMWCharacterImport_ramstein_no5_ZERO_warning exists? True
R:\extractTest\SMWCharacterImport_ramstein_no5_ZERO_warning ... loading ...
R:\extractTest\SMWCharacterImport_ramstein_no5_ZERO_warning: directory SMWCharacterImport
R:\extractTest\SMWCharacterImport_ramstein_no5_ZERO_warning\SMWCharacterImport ... loading ...
R:\extractTest\SMWCharacterImport_ramstein_no5_ZERO_warning\SMWCharacterImport: directory Assets
R:\extractTest\SMWCharacterImport_ramstein_no5_ZERO_warning\SMWCharacterImport: directory Assets
--- R:\extractTest\SMWCharacterImport_ramstein_no5_ZERO_warning\SMWCharacterImport : is repo base dir
git add .
is_dirty: Changes detected.
--allow-empty -m "SMWCharacterImport_ramstein_no5_ZERO_warning.rar" --date "Mon, 29 Feb 2016 14:43:05 +0100"
projects equal
